<?xml version="1.0" encoding="UTF-8"?>
<!-- Generated by org.testng.reporters.JUnitReportReporter -->
<testsuite hostname="admin-PC" name="test.NewTest" tests="1" failures="0" timestamp="20 Oct 2015 05:29:41 GMT" time="0.006" errors="0">
  <testcase name="f" time="0.006" classname="test.NewTest"/>
</testsuite> <!-- test.NewTest -->
